This file contains any messages produced by compilers while
running configure, to aid debugging if configure makes a mistake.

It was created by Rhipe configure 0.5, which was
generated by GNU Autoconf 2.61.  Invocation command line was

  $ ./configure 

## --------- ##
## Platform. ##
## --------- ##

hostname = petrichor.local
uname -m = i386
uname -r = 10.5.0
uname -s = Darwin
uname -v = Darwin Kernel Version 10.5.0: Fri Nov  5 23:20:39 PDT 2010; root:xnu-1504.9.17~1/RELEASE_I386

/usr/bin/uname -p = i386
/bin/uname -X     = unknown

/bin/arch              = unknown
/usr/bin/arch -k       = unknown
/usr/convex/getsysinfo = unknown
/usr/bin/hostinfo      = Mach kernel version:
	 Darwin Kernel Version 10.5.0: Fri Nov  5 23:20:39 PDT 2010; root:xnu-1504.9.17~1/RELEASE_I386
Kernel configured for up to 2 processors.
2 processors are physically available.
2 processors are logically available.
Processor type: i486 (Intel 80486)
Processors active: 0 1
Primary memory available: 4.00 gigabytes
Default processor set: 125 tasks, 515 threads, 2 processors
Load average: 0.73, Mach factor: 1.26
/bin/machine           = unknown
/usr/bin/oslevel       = unknown
/bin/universe          = unknown

PATH: /Library/Frameworks/Python.framework/Versions/Current/bin
PATH: /usr/bin
PATH: /bin
PATH: /usr/sbin
PATH: /sbin
PATH: /usr/local/bin
PATH: /usr/local/git/bin
PATH: /usr/texbin
PATH: /usr/X11/bin
PATH: /opt/local/bin
PATH: /Users/yanger/mystuff/programming/shell/
PATH: /usr/local/scala/bin/
PATH: /usr/texbin
PATH: /opt/local/bin
PATH: /opt/local
PATH: /opt/local/usr/games
PATH: /opt/local/sbin
PATH: /Users/yanger/.clojure/clojure-extra/sh-script
PATH: /Users/yanger/mystuff/programming/shell/sndsrc/
PATH: /Users/yanger/mystuff/ec2//bin


## ----------- ##
## Core tests. ##
## ----------- ##

configure:1716: checking for gcc
configure:1743: result: gcc -arch x86_64 -std=gnu99
configure:1981: checking for C compiler version
configure:1988: gcc -arch x86_64 -std=gnu99 --version >&5
i686-apple-darwin10-gcc-4.2.1 (GCC) 4.2.1 (Apple Inc. build 5664)
Copyright (C) 2007 Free Software Foundation, Inc.
This is free software; see the source for copying conditions.  There is NO
warranty; not even for MERCHANTABILITY or FITNESS FOR A PARTICULAR PURPOSE.

configure:1991: $? = 0
configure:1998: gcc -arch x86_64 -std=gnu99 -v >&5
Using built-in specs.
Target: i686-apple-darwin10
Configured with: /var/tmp/gcc/gcc-5664~105/src/configure --disable-checking --enable-werror --prefix=/usr --mandir=/share/man --enable-languages=c,objc,c++,obj-c++ --program-transform-name=/^[cg][^.-]*$/s/$/-4.2/ --with-slibdir=/usr/lib --build=i686-apple-darwin10 --program-prefix=i686-apple-darwin10- --host=x86_64-apple-darwin10 --target=i686-apple-darwin10 --with-gxx-include-dir=/include/c++/4.2.1
Thread model: posix
gcc version 4.2.1 (Apple Inc. build 5664)
configure:2001: $? = 0
configure:2008: gcc -arch x86_64 -std=gnu99 -V >&5
gcc-4.2: argument to `-V' is missing
configure:2011: $? = 1
configure:2034: checking for C compiler default output file name
configure:2061: gcc -arch x86_64 -std=gnu99 -g -O2   conftest.c  >&5
configure:2064: $? = 0
configure:2102: result: a.out
configure:2119: checking whether the C compiler works
configure:2129: ./a.out
configure:2132: $? = 0
configure:2149: result: yes
configure:2156: checking whether we are cross compiling
configure:2158: result: no
configure:2161: checking for suffix of executables
configure:2168: gcc -arch x86_64 -std=gnu99 -o conftest -g -O2   conftest.c  >&5
configure:2171: $? = 0
configure:2195: result: 
configure:2201: checking for suffix of object files
configure:2227: gcc -arch x86_64 -std=gnu99 -c -g -O2  conftest.c >&5
configure:2230: $? = 0
configure:2253: result: o
configure:2257: checking whether we are using the GNU C compiler
configure:2286: gcc -arch x86_64 -std=gnu99 -c -g -O2  conftest.c >&5
configure:2292: $? = 0
configure:2309: result: yes
configure:2314: checking whether gcc -arch x86_64 -std=gnu99 accepts -g
configure:2344: gcc -arch x86_64 -std=gnu99 -c -g  conftest.c >&5
configure:2350: $? = 0
configure:2449: result: yes
configure:2466: checking for gcc -arch x86_64 -std=gnu99 option to accept ISO C89
configure:2540: gcc -arch x86_64 -std=gnu99  -c -g -O2  conftest.c >&5
configure:2546: $? = 0
configure:2569: result: none needed
configure:2723: creating ./config.status

## ---------------------- ##
## Running config.status. ##
## ---------------------- ##

This file was extended by Rhipe config.status 0.5, which was
generated by GNU Autoconf 2.61.  Invocation command line was

  CONFIG_FILES    = 
  CONFIG_HEADERS  = 
  CONFIG_LINKS    = 
  CONFIG_COMMANDS = 
  $ ./config.status 

on petrichor.local

config.status:572: creating src/Makevars

## ---------------- ##
## Cache variables. ##
## ---------------- ##

ac_cv_c_compiler_gnu=yes
ac_cv_env_CC_set=
ac_cv_env_CC_value=
ac_cv_env_CFLAGS_set=
ac_cv_env_CFLAGS_value=
ac_cv_env_CPPFLAGS_set=
ac_cv_env_CPPFLAGS_value=
ac_cv_env_LDFLAGS_set=
ac_cv_env_LDFLAGS_value=
ac_cv_env_LIBS_set=
ac_cv_env_LIBS_value=
ac_cv_env_build_alias_set=
ac_cv_env_build_alias_value=
ac_cv_env_host_alias_set=
ac_cv_env_host_alias_value=
ac_cv_env_target_alias_set=
ac_cv_env_target_alias_value=
ac_cv_objext=o
ac_cv_prog_ac_ct_CC='gcc -arch x86_64 -std=gnu99'
ac_cv_prog_cc_c89=
ac_cv_prog_cc_g=yes

## ----------------- ##
## Output variables. ##
## ----------------- ##

CC='gcc -arch x86_64 -std=gnu99'
CFLAGS='-g -O2'
CPPFLAGS=''
DEFS='-DPACKAGE_NAME=\"Rhipe\" -DPACKAGE_TARNAME=\"rhipe\" -DPACKAGE_VERSION=\"0.5\" -DPACKAGE_STRING=\"Rhipe\ 0.5\" -DPACKAGE_BUGREPORT=\"sguha@purdue.edu\"'
ECHO_C='ECHO_N=''
ECHO_T=''
EXEEXT=''
LDFLAGS=''
LIBOBJS=''
LIBS=''
LTLIBOBJS=''
OBJEXT='o'
PACKAGE_BUGREPORT='sguha@purdue.edu'
PACKAGE_NAME='Rhipe'
PACKAGE_STRING='Rhipe 0.5'
PACKAGE_TARNAME='rhipe'
PACKAGE_VERSION='0.5'
PATH_SEPARATOR=':'
R_HOME='/Library/Frameworks/R.framework/Resources'
SHELL='/bin/sh'
ac_ct_CC='gcc -arch x86_64 -std=gnu99'
bindir='${exec_prefix}/bin'
build_alias=''
datadir='${datarootdir}'
datarootdir='${prefix}/share'
docdir='${datarootdir}/doc/${PACKAGE_TARNAME}'
dvidir='${docdir}'
exec_prefix='${prefix}'
host_alias=''
htmldir='${docdir}'
includedir='${prefix}/include'
infodir='${datarootdir}/info'
libdir='${exec_prefix}/lib'
libexecdir='${exec_prefix}/libexec'
localedir='${datarootdir}/locale'
localstatedir='${prefix}/var'
mandir='${datarootdir}/man'
oldincludedir='/usr/include'
pdfdir='${docdir}'
prefix='/usr/local'
program_transform_name='s,x,x,'
psdir='${docdir}'
sbindir='${exec_prefix}/sbin'
sharedstatedir='${prefix}/com'
sysconfdir='${prefix}/etc'
target_alias=''

## ----------- ##
## confdefs.h. ##
## ----------- ##

#define PACKAGE_NAME "Rhipe"
#define PACKAGE_TARNAME "rhipe"
#define PACKAGE_VERSION "0.5"
#define PACKAGE_STRING "Rhipe 0.5"
#define PACKAGE_BUGREPORT "sguha@purdue.edu"

configure: exit 0
