\BOOKMARK [0][-]{chapter.1}{Installation}{}% 1
\BOOKMARK [1][-]{section.1.1}{Tests}{chapter.1}% 2
\BOOKMARK [0][-]{chapter.2}{Introduction}{}% 3
\BOOKMARK [1][-]{section.2.1}{Hadoop}{chapter.2}% 4
\BOOKMARK [1][-]{section.2.2}{Hadoop Distributed Filesystem}{chapter.2}% 5
\BOOKMARK [1][-]{section.2.3}{Hadoop MapReduce}{chapter.2}% 6
\BOOKMARK [1][-]{section.2.4}{R and Hadoop Integrated Programming Environment}{chapter.2}% 7
\BOOKMARK [0][-]{chapter.3}{Airline Dataset}{}% 8
\BOOKMARK [1][-]{section.3.1}{Copying the Data to the HDFS \(or a Distributed Downloader!\)}{chapter.3}% 9
\BOOKMARK [1][-]{section.3.2}{Converting to R Objects}{chapter.3}% 10
\BOOKMARK [1][-]{section.3.3}{Demonstration of using Hadoop as a Queryable Database}{chapter.3}% 11
\BOOKMARK [1][-]{section.3.4}{Analyses}{chapter.3}% 12
\BOOKMARK [1][-]{section.3.5}{Streaming Data?}{chapter.3}% 13
\BOOKMARK [1][-]{section.3.6}{Simple Debugging}{chapter.3}% 14
\BOOKMARK [0][-]{chapter.4}{Transforming Text Data}{}% 15
\BOOKMARK [1][-]{section.4.1}{Subset}{chapter.4}% 16
\BOOKMARK [1][-]{section.4.2}{Transformations}{chapter.4}% 17
\BOOKMARK [0][-]{chapter.5}{Simulations}{}% 18
\BOOKMARK [1][-]{section.5.1}{A Note on Random Number Generators}{chapter.5}% 19
\BOOKMARK [0][-]{chapter.6}{RHIPE Functions}{}% 20
\BOOKMARK [1][-]{section.6.1}{HDFS Related}{chapter.6}% 21
\BOOKMARK [1][-]{section.6.2}{MapReduce Administration}{chapter.6}% 22
\BOOKMARK [0][-]{chapter.7}{Packaging a Job for MapReduce}{}% 23
\BOOKMARK [1][-]{section.7.1}{Creating a MapReduce Object}{chapter.7}% 24
\BOOKMARK [1][-]{section.7.2}{Functions to Communicate with Hadoop during MapReduce}{chapter.7}% 25
\BOOKMARK [0][-]{chapter.8}{RHIPE Serialization}{}% 26
\BOOKMARK [1][-]{section.8.1}{About}{chapter.8}% 27
\BOOKMARK [1][-]{section.8.2}{String Representations and TextOutput Format}{chapter.8}% 28
\BOOKMARK [1][-]{section.8.3}{Proto File}{chapter.8}% 29
\BOOKMARK [0][-]{chapter.9}{RHIPE Options}{}% 30
\BOOKMARK [0][-]{chapter*.13}{Bibliography}{}% 31
\BOOKMARK [0][-]{section*.22}{Index}{}% 32
