\BOOKMARK [0][-]{chapter.1}{Setting up RHIPE}{}
\BOOKMARK [1][-]{section.1.1}{Requirements}{chapter.1}
\BOOKMARK [1][-]{section.1.2}{Installation}{chapter.1}
\BOOKMARK [0][-]{chapter.2}{The rhlapply Command}{}
\BOOKMARK [1][-]{section.2.1}{Introduction}{chapter.2}
\BOOKMARK [1][-]{section.2.2}{Return Value}{chapter.2}
\BOOKMARK [1][-]{section.2.3}{Function Usage}{chapter.2}
\BOOKMARK [0][-]{chapter.3}{The rhmr Command}{}
\BOOKMARK [1][-]{section.3.1}{Introduction}{chapter.3}
\BOOKMARK [1][-]{section.3.2}{Return Value}{chapter.3}
\BOOKMARK [1][-]{section.3.3}{Function}{chapter.3}
\BOOKMARK [1][-]{section.3.4}{RHIPE Options}{chapter.3}
\BOOKMARK [1][-]{section.3.5}{Status, Counters and Writing Output}{chapter.3}
\BOOKMARK [1][-]{section.3.6}{Side Effect files}{chapter.3}
\BOOKMARK [1][-]{section.3.7}{Mapreduce Options}{chapter.3}
\BOOKMARK [1][-]{section.3.8}{IMPORTANT}{chapter.3}
\BOOKMARK [0][-]{chapter.4}{Miscellaneous Commands}{}
\BOOKMARK [1][-]{section.4.1}{Introduction}{chapter.4}
\BOOKMARK [1][-]{section.4.2}{Serialization}{chapter.4}
\BOOKMARK [1][-]{section.4.3}{HDFS Related}{chapter.4}
\BOOKMARK [0][-]{chapter.5}{Using RHIPE on EC2}{}
\BOOKMARK [1][-]{section.5.1}{Introduction}{chapter.5}
\BOOKMARK [1][-]{section.5.2}{Usage}{chapter.5}
\BOOKMARK [1][-]{section.5.3}{Some launch commands}{chapter.5}
\BOOKMARK [1][-]{section.5.4}{Useful tools}{chapter.5}
\BOOKMARK [0][-]{chapter.6}{Examples}{}
\BOOKMARK [1][-]{section.6.1}{rhlapply}{chapter.6}
\BOOKMARK [1][-]{section.6.2}{rhmr}{chapter.6}
\BOOKMARK [0][-]{chapter.7}{FAQ}{}
\BOOKMARK [0][-]{chapter.8}{Protobuffer and R}{}
\BOOKMARK [0][-]{chapter.9}{Datatypes}{}
